Removed Pin From Net: NetName=GND Pin=C?-2
Removed Pin From Net: NetName=GND Pin=H3-1
Removed Pin From Net: NetName=NetC31_2 Pin=H3-2
Removed Pin From Net: NetName=GND Pin=R31-2
Removed Pin From Net: NetName=GND Pin=U3-8
Removed Member From Class: ClassName=sheet1 Member=H3
Change Component Footprint: Designator=D1 Old Footprint=0805 (2012 Metric) Orange New Footprint=0805 (2012 Metric) Orange
Change Component Footprint: Designator=U2 Old Footprint=SOT229P700X180-4N New Footprint=SOT229P700X180-4N
Change Component Footprint: Designator=BTN1 Old Footprint=SW_1571563-7 New Footprint=SW_1571563-7
Change Component Footprint: Designator=BTN2 Old Footprint=SW_1571563-7 New Footprint=SW_1571563-7
Change Component Designator: OldDesignator=C? NewDesignator=C32
Added Component: Designator=HD1(HED2)
Add component (AddParameter): Name = "Value"; Value = "Header 2"; VariantName = "[No Variations]"
Added Component: Designator=P1(HDR1X19)
Add component (AddParameter): Name = "LatestRevisionDate"; Value = "17-Jul-2002"; VariantName = "[No Variations]"
Add component (AddParameter): Name = "LatestRevisionNote"; Value = "Re-released for DXP Platform."; VariantName = "[No Variations]"
Add component (AddParameter): Name = "Publisher"; Value = "Altium Limited"; VariantName = "[No Variations]"
Added Component: Designator=P2(HDR1X19)
Add component (AddParameter): Name = "LatestRevisionDate"; Value = "17-Jul-2002"; VariantName = "[No Variations]"
Add component (AddParameter): Name = "LatestRevisionNote"; Value = "Re-released for DXP Platform."; VariantName = "[No Variations]"
Add component (AddParameter): Name = "Publisher"; Value = "Altium Limited"; VariantName = "[No Variations]"
Added Component: Designator=R32(RES0402)
Add component (AddParameter): Name = "Manufacturer"; Value = "GENERIC"; VariantName = "[No Variations]"
Add component (AddParameter): Name = "Package"; Value = "0402"; VariantName = "[No Variations]"
Add component (AddParameter): Name = "Part Number"; Value = "RES-SM-0402-1K"; VariantName = "[No Variations]"
Add component (AddParameter): Name = "value"; Value = "1K"; VariantName = "[No Variations]"
Added Component: Designator=VR1(TRIM_3362P-1-103)
Add component (AddParameter): Name = "Availability"; Value = "Unavailable"; VariantName = "[No Variations]"
Add component (AddParameter): Name = "Check_prices"; Value = "https://www.snapeda.com/parts/3362P-1-103/Bourns/view-part/1483042/?ref=eda"; VariantName = "[No Variations]"
Add component (AddParameter): Name = "MF"; Value = "Bourns"; VariantName = "[No Variations]"
Add component (AddParameter): Name = "MP"; Value = "3362P-1-103"; VariantName = "[No Variations]"
Add component (AddParameter): Name = "Package"; Value = "3116 Bourns"; VariantName = "[No Variations]"
Add component (AddParameter): Name = "Price"; Value = "None"; VariantName = "[No Variations]"
Add component (AddParameter): Name = "SnapEDA_Link"; Value = "https://www.snapeda.com/parts/3362P-1-103/Bourns/view-part/1483042/?ref=snap"; VariantName = "[No Variations]"
Add component (AddParameter): Name = "Value"; Value = ""; VariantName = "[No Variations]"
Added Pin To Net: NetName=VDD33 Pin=C32-2
Added Pin To Net: NetName=NetC31_2 Pin=D2-4
Added Pin To Net: NetName=GND Pin=HD1-1
Added Pin To Net: NetName=NetC31_2 Pin=HD1-2
Added Pin To Net: NetName=VDD33 Pin=P1-1
Added Pin To Net: NetName=EN Pin=P1-2
Added Pin To Net: NetName=GND Pin=P1-3
Added Pin To Net: NetName=SENSOR_VN Pin=P1-4
Added Pin To Net: NetName=IO34 Pin=P1-5
Added Pin To Net: NetName=IO35 Pin=P1-6
Added Pin To Net: NetName=IO32 Pin=P1-7
Added Pin To Net: NetName=IO33 Pin=P1-8
Added Pin To Net: NetName=IO25 Pin=P1-9
Added Pin To Net: NetName=IO26 Pin=P1-10
Added Pin To Net: NetName=IO27 Pin=P1-11
Added Pin To Net: NetName=IO14 Pin=P1-12
Added Pin To Net: NetName=IO12 Pin=P1-13
Added Pin To Net: NetName=GND Pin=P1-14
Added Pin To Net: NetName=GND Pin=P1-15
Added Pin To Net: NetName=SD2 Pin=P1-16
Added Pin To Net: NetName=SD3 Pin=P1-17
Added Pin To Net: NetName=CMD Pin=P1-18
Added Pin To Net: NetName=EXT_5V Pin=P1-19
Added Pin To Net: NetName=GND Pin=P2-1
Added Pin To Net: NetName=IO23 Pin=P2-2
Added Pin To Net: NetName=IO22 Pin=P2-3
Added Pin To Net: NetName=TXD0 Pin=P2-4
Added Pin To Net: NetName=RXD0 Pin=P2-5
Added Pin To Net: NetName=IO21 Pin=P2-6
Added Pin To Net: NetName=GND Pin=P2-7
Added Pin To Net: NetName=IO19 Pin=P2-8
Added Pin To Net: NetName=IO18 Pin=P2-9
Added Pin To Net: NetName=IO5 Pin=P2-10
Added Pin To Net: NetName=IO17 Pin=P2-11
Added Pin To Net: NetName=IO16 Pin=P2-12
Added Pin To Net: NetName=IO4 Pin=P2-13
Added Pin To Net: NetName=IO0 Pin=P2-14
Added Pin To Net: NetName=IO2 Pin=P2-15
Added Pin To Net: NetName=IO15 Pin=P2-16
Added Pin To Net: NetName=SD1 Pin=P2-17
Added Pin To Net: NetName=SD0 Pin=P2-18
Added Pin To Net: NetName=VDD33 Pin=R31-2
Added Pin To Net: NetName=OUT Pin=R32-1
Added Pin To Net: NetName=IO13 Pin=R32-2
Added Pin To Net: NetName=VDD33 Pin=U3-8
Added Pin To Net: NetName=GND Pin=VR1-1
Added Pin To Net: NetName=IN Pin=VR1-2
Added Pin To Net: NetName=VDD33 Pin=VR1-3
Change Net Name : Old Net Name=NetC31_2 New Net Name=SENSOR_VP
Added Pin To Net: NetName=SCK Pin=D2-20
Added Pin To Net: NetName=SCK Pin=P2-19
Added Net: Name=SCK
Added Member To Class: ClassName=sheet1 Member=Component HD1 Header 2
Added Member To Class: ClassName=sheet1 Member=Component P1 Header 19
Added Member To Class: ClassName=sheet1 Member=Component P2 Header 19
Added Member To Class: ClassName=sheet1 Member=Component R32 RES
Added Member To Class: ClassName=sheet1 Member=Component VR1 3362P-1-103
